# JRE version: OpenJDK Runtime Environment (8.0_212-b04) (build 1.8.0_212-release-1586-b04)
# Java VM: OpenJDK 64-Bit Server VM (25.212-b04 mixed mode windows-amd64 compressed oops)
Heap:
 PSYoungGen      total 291328K, used 54041K [0x00000000e0000000, 0x00000000f5b80000, 0x0000000100000000)
  eden space 248320K, 18% used [0x00000000e0000000,0x00000000e2cdacd0,0x00000000ef280000)
  from space 43008K, 18% used [0x00000000f3180000,0x00000000f396b818,0x00000000f5b80000)
  to   space 53760K, 0% used [0x00000000ef280000,0x00000000ef280000,0x00000000f2700000)
 ParOldGen       total 146432K, used 120610K [0x00000000a0000000, 0x00000000a8f00000, 0x00000000e0000000)
  object space 146432K, 82% used [0x00000000a0000000,0x00000000a75c8868,0x00000000a8f00000)
 Metaspace       used 86057K, capacity 89608K, committed 89880K, reserved 1128448K
  class space    used 11009K, capacity 11731K, committed 11824K, reserved 1048576K
GC Heap History (10 events):
Event: 263.268 GC heap before
{Heap before GC invocations=25 (full 3):
 PSYoungGen      total 251904K, used 225436K [0x00000000e0000000, 0x00000000f4800000, 0x0000000100000000)
  eden space 201216K, 99% used [0x00000000e0000000,0x00000000ec321d58,0x00000000ec480000)
  from space 50688K, 50% used [0x00000000ec480000,0x00000000edd85348,0x00000000ef600000)
  to   space 50176K, 0% used [0x00000000f1700000,0x00000000f1700000,0x00000000f4800000)
 ParOldGen       total 146432K, used 120570K [0x00000000a0000000, 0x00000000a8f00000, 0x00000000e0000000)
  object space 146432K, 82% used [0x00000000a0000000,0x00000000a75be868,0x00000000a8f00000)
 Metaspace       used 84901K, capacity 88196K, committed 88472K, reserved 1126400K
  class space    used 10964K, capacity 11651K, committed 11696K, reserved 1048576K
Event: 263.294 GC heap after
Heap after GC invocations=25 (full 3):
 PSYoungGen      total 277504K, used 20022K [0x00000000e0000000, 0x00000000f4180000, 0x0000000100000000)
  eden space 233984K, 0% used [0x00000000e0000000,0x00000000e0000000,0x00000000ee480000)
  from space 43520K, 46% used [0x00000000f1700000,0x00000000f2a8db28,0x00000000f4180000)
  to   space 47616K, 0% used [0x00000000ee480000,0x00000000ee480000,0x00000000f1300000)
 ParOldGen       total 146432K, used 120578K [0x00000000a0000000, 0x00000000a8f00000, 0x00000000e0000000)
  object space 146432K, 82% used [0x00000000a0000000,0x00000000a75c0868,0x00000000a8f00000)
 Metaspace       used 84901K, capacity 88196K, committed 88472K, reserved 1126400K
  class space    used 10964K, capacity 11651K, committed 11696K, reserved 1048576K
}
Event: 336.383 GC heap before
{Heap before GC invocations=26 (full 3):
 PSYoungGen      total 277504K, used 250063K [0x00000000e0000000, 0x00000000f4180000, 0x0000000100000000)
  eden space 233984K, 98% used [0x00000000e0000000,0x00000000ee0a6218,0x00000000ee480000)
  from space 43520K, 46% used [0x00000000f1700000,0x00000000f2a8db28,0x00000000f4180000)
  to   space 47616K, 0% used [0x00000000ee480000,0x00000000ee480000,0x00000000f1300000)
 ParOldGen       total 146432K, used 120578K [0x00000000a0000000, 0x00000000a8f00000, 0x00000000e0000000)
  object space 146432K, 82% used [0x00000000a0000000,0x00000000a75c0868,0x00000000a8f00000)
 Metaspace       used 85364K, capacity 88688K, committed 88728K, reserved 1126400K
  class space    used 10978K, capacity 11677K, committed 11696K, reserved 1048576K
Event: 336.443 GC heap after
Heap after GC invocations=26 (full 3):
 PSYoungGen      total 281600K, used 26547K [0x00000000e0000000, 0x00000000f6080000, 0x0000000100000000)
  eden space 233984K, 0% used [0x00000000e0000000,0x00000000e0000000,0x00000000ee480000)
  from space 47616K, 55% used [0x00000000ee480000,0x00000000efe6cc70,0x00000000f1300000)
  to   space 47616K, 0% used [0x00000000f3200000,0x00000000f3200000,0x00000000f6080000)
 ParOldGen       total 146432K, used 120586K [0x00000000a0000000, 0x00000000a8f00000, 0x00000000e0000000)
  object space 146432K, 82% used [0x00000000a0000000,0x00000000a75c2868,0x00000000a8f00000)
 Metaspace       used 85364K, capacity 88688K, committed 88728K, reserved 1126400K
  class space    used 10978K, capacity 11677K, committed 11696K, reserved 1048576K
}
Event: 339.194 GC heap before
{Heap before GC invocations=27 (full 3):
 PSYoungGen      total 281600K, used 260213K [0x00000000e0000000, 0x00000000f6080000, 0x0000000100000000)
  eden space 233984K, 99% used [0x00000000e0000000,0x00000000ee4307d0,0x00000000ee480000)
  from space 47616K, 55% used [0x00000000ee480000,0x00000000efe6cc70,0x00000000f1300000)
  to   space 47616K, 0% used [0x00000000f3200000,0x00000000f3200000,0x00000000f6080000)
 ParOldGen       total 146432K, used 120586K [0x00000000a0000000, 0x00000000a8f00000, 0x00000000e0000000)
  object space 146432K, 82% used [0x00000000a0000000,0x00000000a75c2868,0x00000000a8f00000)
 Metaspace       used 85385K, capacity 88694K, committed 88728K, reserved 1126400K
  class space    used 10980K, capacity 11678K, committed 11696K, reserved 1048576K
Event: 339.225 GC heap after
Heap after GC invocations=27 (full 3):
 PSYoungGen      total 313856K, used 26096K [0x00000000e0000000, 0x00000000f6080000, 0x0000000100000000)
  eden space 266240K, 0% used [0x00000000e0000000,0x00000000e0000000,0x00000000f0400000)
  from space 47616K, 54% used [0x00000000f3200000,0x00000000f4b7c310,0x00000000f6080000)
  to   space 47104K, 0% used [0x00000000f0400000,0x00000000f0400000,0x00000000f3200000)
 ParOldGen       total 146432K, used 120594K [0x00000000a0000000, 0x00000000a8f00000, 0x00000000e0000000)
  object space 146432K, 82% used [0x00000000a0000000,0x00000000a75c4868,0x00000000a8f00000)
 Metaspace       used 85385K, capacity 88694K, committed 88728K, reserved 1126400K
  class space    used 10980K, capacity 11678K, committed 11696K, reserved 1048576K
}
Event: 1431.995 GC heap before
{Heap before GC invocations=28 (full 3):
 PSYoungGen      total 313856K, used 292336K [0x00000000e0000000, 0x00000000f6080000, 0x0000000100000000)
  eden space 266240K, 100% used [0x00000000e0000000,0x00000000f0400000,0x00000000f0400000)
  from space 47616K, 54% used [0x00000000f3200000,0x00000000f4b7c310,0x00000000f6080000)
  to   space 47104K, 0% used [0x00000000f0400000,0x00000000f0400000,0x00000000f3200000)
 ParOldGen       total 146432K, used 120594K [0x00000000a0000000, 0x00000000a8f00000, 0x00000000e0000000)
  object space 146432K, 82% used [0x00000000a0000000,0x00000000a75c4868,0x00000000a8f00000)
 Metaspace       used 85808K, capacity 89186K, committed 89240K, reserved 1126400K
  class space    used 10989K, capacity 11694K, committed 11696K, reserved 1048576K
Event: 1432.091 GC heap after
Heap after GC invocations=28 (full 3):
 PSYoungGen      total 303616K, used 46351K [0x00000000e0000000, 0x00000000f6500000, 0x0000000100000000)
  eden space 257024K, 0% used [0x00000000e0000000,0x00000000e0000000,0x00000000efb00000)
  from space 46592K, 99% used [0x00000000f0400000,0x00000000f3143e00,0x00000000f3180000)
  to   space 52736K, 0% used [0x00000000f3180000,0x00000000f3180000,0x00000000f6500000)
 ParOldGen       total 146432K, used 120602K [0x00000000a0000000, 0x00000000a8f00000, 0x00000000e0000000)
  object space 146432K, 82% used [0x00000000a0000000,0x00000000a75c6868,0x00000000a8f00000)
 Metaspace       used 85808K, capacity 89186K, committed 89240K, reserved 1126400K
  class space    used 10989K, capacity 11694K, committed 11696K, reserved 1048576K
}
Event: 1555.667 GC heap before
{Heap before GC invocations=29 (full 3):
 PSYoungGen      total 303616K, used 303375K [0x00000000e0000000, 0x00000000f6500000, 0x0000000100000000)
  eden space 257024K, 100% used [0x00000000e0000000,0x00000000efb00000,0x00000000efb00000)
  from space 46592K, 99% used [0x00000000f0400000,0x00000000f3143e00,0x00000000f3180000)
  to   space 52736K, 0% used [0x00000000f3180000,0x00000000f3180000,0x00000000f6500000)
 ParOldGen       total 146432K, used 120602K [0x00000000a0000000, 0x00000000a8f00000, 0x00000000e0000000)
  object space 146432K, 82% used [0x00000000a0000000,0x00000000a75c6868,0x00000000a8f00000)
 Metaspace       used 85994K, capacity 89488K, committed 89624K, reserved 1126400K
  class space    used 11004K, capacity 11723K, committed 11824K, reserved 1048576K
Event: 1555.683 GC heap after
Heap after GC invocations=29 (full 3):
 PSYoungGen      total 291328K, used 8110K [0x00000000e0000000, 0x00000000f5b80000, 0x0000000100000000)
  eden space 248320K, 0% used [0x00000000e0000000,0x00000000e0000000,0x00000000ef280000)
  from space 43008K, 18% used [0x00000000f3180000,0x00000000f396b818,0x00000000f5b80000)
  to   space 53760K, 0% used [0x00000000ef280000,0x00000000ef280000,0x00000000f2700000)
 ParOldGen       total 146432K, used 120610K [0x00000000a0000000, 0x00000000a8f00000, 0x00000000e0000000)
  object space 146432K, 82% used [0x00000000a0000000,0x00000000a75c8868,0x00000000a8f00000)
 Metaspace       used 85994K, capacity 89488K, committed 89624K, reserved 1126400K
  class space    used 11004K, capacity 11723K, committed 11824K, reserved 1048576K
}

